Performing C SOURCE FILE Test CMAKE_HAVE_LIBC_PTHREAD failed with the following output:
Change Dir: /home/mikkel/GitHub/Test/CMake/CMakeFiles/CMakeTmp

Run Build Command(s):/usr/bin/make cmTC_1f091/fast && /usr/bin/make -f CMakeFiles/cmTC_1f091.dir/build.make CMakeFiles/cmTC_1f091.dir/build
make[1]: Entering directory '/home/mikkel/GitHub/Test/CMake/CMakeFiles/CMakeTmp'
Building C object CMakeFiles/cmTC_1f091.dir/src.c.o
/usr/bin/cc   -DCMAKE_HAVE_LIBC_PTHREAD   -o CMakeFiles/cmTC_1f091.dir/src.c.o   -c /home/mikkel/GitHub/Test/CMake/CMakeFiles/CMakeTmp/src.c
Linking C executable cmTC_1f091
/usr/bin/cmake -E cmake_link_script CMakeFiles/cmTC_1f091.dir/link.txt --verbose=1
/usr/bin/cc  -DCMAKE_HAVE_LIBC_PTHREAD    -rdynamic CMakeFiles/cmTC_1f091.dir/src.c.o  -o cmTC_1f091 
/usr/bin/ld: CMakeFiles/cmTC_1f091.dir/src.c.o: in function `main':
src.c:(.text+0x46): undefined reference to `pthread_create'
/usr/bin/ld: src.c:(.text+0x52): undefined reference to `pthread_detach'
/usr/bin/ld: src.c:(.text+0x63): undefined reference to `pthread_join'
collect2: error: ld returned 1 exit status
make[1]: *** [CMakeFiles/cmTC_1f091.dir/build.make:87: cmTC_1f091] Error 1
make[1]: Leaving directory '/home/mikkel/GitHub/Test/CMake/CMakeFiles/CMakeTmp'
make: *** [Makefile:121: cmTC_1f091/fast] Error 2


Source file was:
#include <pthread.h>

void* test_func(void* data)
{
  return data;
}

int main(void)
{
  pthread_t thread;
  pthread_create(&thread, NULL, test_func, NULL);
  pthread_detach(thread);
  pthread_join(thread, NULL);
  pthread_atfork(NULL, NULL, NULL);
  pthread_exit(NULL);

  return 0;
}

Determining if the function pthread_create exists in the pthreads failed with the following output:
Change Dir: /home/mikkel/GitHub/Test/CMake/CMakeFiles/CMakeTmp

Run Build Command(s):/usr/bin/make cmTC_d00c1/fast && /usr/bin/make -f CMakeFiles/cmTC_d00c1.dir/build.make CMakeFiles/cmTC_d00c1.dir/build
make[1]: Entering directory '/home/mikkel/GitHub/Test/CMake/CMakeFiles/CMakeTmp'
Building C object CMakeFiles/cmTC_d00c1.dir/CheckFunctionExists.c.o
/usr/bin/cc   -DCHECK_FUNCTION_EXISTS=pthread_create   -o CMakeFiles/cmTC_d00c1.dir/CheckFunctionExists.c.o   -c /usr/share/cmake-3.16/Modules/CheckFunctionExists.c
Linking C executable cmTC_d00c1
/usr/bin/cmake -E cmake_link_script CMakeFiles/cmTC_d00c1.dir/link.txt --verbose=1
/usr/bin/cc  -DCHECK_FUNCTION_EXISTS=pthread_create    -rdynamic CMakeFiles/cmTC_d00c1.dir/CheckFunctionExists.c.o  -o cmTC_d00c1  -lpthreads 
/usr/bin/ld: cannot find -lpthreads
collect2: error: ld returned 1 exit status
make[1]: *** [CMakeFiles/cmTC_d00c1.dir/build.make:87: cmTC_d00c1] Error 1
make[1]: Leaving directory '/home/mikkel/GitHub/Test/CMake/CMakeFiles/CMakeTmp'
make: *** [Makefile:121: cmTC_d00c1/fast] Error 2



Performing C SOURCE FILE Test CMAKE_HAVE_LIBC_PTHREAD failed with the following output:
Change Dir: /home/mikkel/GitHub/RCA_Project/Custom_Robot_Controller/CMake/CMakeFiles/CMakeTmp

Run Build Command(s):/usr/bin/make cmTC_a21e5/fast && /usr/bin/make -f CMakeFiles/cmTC_a21e5.dir/build.make CMakeFiles/cmTC_a21e5.dir/build
make[1]: Entering directory '/home/mikkel/GitHub/RCA_Project/Custom_Robot_Controller/CMake/CMakeFiles/CMakeTmp'
Building C object CMakeFiles/cmTC_a21e5.dir/src.c.o
/usr/bin/cc   -DCMAKE_HAVE_LIBC_PTHREAD   -o CMakeFiles/cmTC_a21e5.dir/src.c.o   -c /home/mikkel/GitHub/RCA_Project/Custom_Robot_Controller/CMake/CMakeFiles/CMakeTmp/src.c
Linking C executable cmTC_a21e5
/usr/bin/cmake -E cmake_link_script CMakeFiles/cmTC_a21e5.dir/link.txt --verbose=1
/usr/bin/cc  -DCMAKE_HAVE_LIBC_PTHREAD    -rdynamic CMakeFiles/cmTC_a21e5.dir/src.c.o  -o cmTC_a21e5 
/usr/bin/ld: CMakeFiles/cmTC_a21e5.dir/src.c.o: in function `main':
src.c:(.text+0x46): undefined reference to `pthread_create'
/usr/bin/ld: src.c:(.text+0x52): undefined reference to `pthread_detach'
/usr/bin/ld: src.c:(.text+0x63): undefined reference to `pthread_join'
collect2: error: ld returned 1 exit status
make[1]: *** [CMakeFiles/cmTC_a21e5.dir/build.make:87: cmTC_a21e5] Error 1
make[1]: Leaving directory '/home/mikkel/GitHub/RCA_Project/Custom_Robot_Controller/CMake/CMakeFiles/CMakeTmp'
make: *** [Makefile:121: cmTC_a21e5/fast] Error 2


Source file was:
#include <pthread.h>

void* test_func(void* data)
{
  return data;
}

int main(void)
{
  pthread_t thread;
  pthread_create(&thread, NULL, test_func, NULL);
  pthread_detach(thread);
  pthread_join(thread, NULL);
  pthread_atfork(NULL, NULL, NULL);
  pthread_exit(NULL);

  return 0;
}

Determining if the function pthread_create exists in the pthreads failed with the following output:
Change Dir: /home/mikkel/GitHub/RCA_Project/Custom_Robot_Controller/CMake/CMakeFiles/CMakeTmp

Run Build Command(s):/usr/bin/make cmTC_e7d47/fast && /usr/bin/make -f CMakeFiles/cmTC_e7d47.dir/build.make CMakeFiles/cmTC_e7d47.dir/build
make[1]: Entering directory '/home/mikkel/GitHub/RCA_Project/Custom_Robot_Controller/CMake/CMakeFiles/CMakeTmp'
Building C object CMakeFiles/cmTC_e7d47.dir/CheckFunctionExists.c.o
/usr/bin/cc   -DCHECK_FUNCTION_EXISTS=pthread_create   -o CMakeFiles/cmTC_e7d47.dir/CheckFunctionExists.c.o   -c /usr/share/cmake-3.16/Modules/CheckFunctionExists.c
Linking C executable cmTC_e7d47
/usr/bin/cmake -E cmake_link_script CMakeFiles/cmTC_e7d47.dir/link.txt --verbose=1
/usr/bin/cc  -DCHECK_FUNCTION_EXISTS=pthread_create    -rdynamic CMakeFiles/cmTC_e7d47.dir/CheckFunctionExists.c.o  -o cmTC_e7d47  -lpthreads 
/usr/bin/ld: cannot find -lpthreads
collect2: error: ld returned 1 exit status
make[1]: *** [CMakeFiles/cmTC_e7d47.dir/build.make:87: cmTC_e7d47] Error 1
make[1]: Leaving directory '/home/mikkel/GitHub/RCA_Project/Custom_Robot_Controller/CMake/CMakeFiles/CMakeTmp'
make: *** [Makefile:121: cmTC_e7d47/fast] Error 2



Performing C SOURCE FILE Test CMAKE_HAVE_LIBC_PTHREAD failed with the following output:
Change Dir: /home/nico929/Desktop/RCA_Project/Custom_Robot_Controller/CMake/CMakeFiles/CMakeTmp

Run Build Command(s):/usr/bin/make cmTC_9eecd/fast && /usr/bin/make -f CMakeFiles/cmTC_9eecd.dir/build.make CMakeFiles/cmTC_9eecd.dir/build
make[1]: Entering directory '/home/nico929/Desktop/RCA_Project/Custom_Robot_Controller/CMake/CMakeFiles/CMakeTmp'
Building C object CMakeFiles/cmTC_9eecd.dir/src.c.o
/usr/bin/cc   -DCMAKE_HAVE_LIBC_PTHREAD   -o CMakeFiles/cmTC_9eecd.dir/src.c.o   -c /home/nico929/Desktop/RCA_Project/Custom_Robot_Controller/CMake/CMakeFiles/CMakeTmp/src.c
Linking C executable cmTC_9eecd
/usr/bin/cmake -E cmake_link_script CMakeFiles/cmTC_9eecd.dir/link.txt --verbose=1
/usr/bin/cc  -DCMAKE_HAVE_LIBC_PTHREAD    -rdynamic CMakeFiles/cmTC_9eecd.dir/src.c.o  -o cmTC_9eecd 
/usr/bin/ld: CMakeFiles/cmTC_9eecd.dir/src.c.o: in function `main':
src.c:(.text+0x46): undefined reference to `pthread_create'
/usr/bin/ld: src.c:(.text+0x52): undefined reference to `pthread_detach'
/usr/bin/ld: src.c:(.text+0x63): undefined reference to `pthread_join'
collect2: error: ld returned 1 exit status
make[1]: *** [CMakeFiles/cmTC_9eecd.dir/build.make:87: cmTC_9eecd] Error 1
make[1]: Leaving directory '/home/nico929/Desktop/RCA_Project/Custom_Robot_Controller/CMake/CMakeFiles/CMakeTmp'
make: *** [Makefile:121: cmTC_9eecd/fast] Error 2


Source file was:
#include <pthread.h>

void* test_func(void* data)
{
  return data;
}

int main(void)
{
  pthread_t thread;
  pthread_create(&thread, NULL, test_func, NULL);
  pthread_detach(thread);
  pthread_join(thread, NULL);
  pthread_atfork(NULL, NULL, NULL);
  pthread_exit(NULL);

  return 0;
}

Determining if the function pthread_create exists in the pthreads failed with the following output:
Change Dir: /home/nico929/Desktop/RCA_Project/Custom_Robot_Controller/CMake/CMakeFiles/CMakeTmp

Run Build Command(s):/usr/bin/make cmTC_5ef33/fast && /usr/bin/make -f CMakeFiles/cmTC_5ef33.dir/build.make CMakeFiles/cmTC_5ef33.dir/build
make[1]: Entering directory '/home/nico929/Desktop/RCA_Project/Custom_Robot_Controller/CMake/CMakeFiles/CMakeTmp'
Building C object CMakeFiles/cmTC_5ef33.dir/CheckFunctionExists.c.o
/usr/bin/cc   -DCHECK_FUNCTION_EXISTS=pthread_create   -o CMakeFiles/cmTC_5ef33.dir/CheckFunctionExists.c.o   -c /usr/share/cmake-3.16/Modules/CheckFunctionExists.c
Linking C executable cmTC_5ef33
/usr/bin/cmake -E cmake_link_script CMakeFiles/cmTC_5ef33.dir/link.txt --verbose=1
/usr/bin/cc  -DCHECK_FUNCTION_EXISTS=pthread_create    -rdynamic CMakeFiles/cmTC_5ef33.dir/CheckFunctionExists.c.o  -o cmTC_5ef33  -lpthreads 
/usr/bin/ld: cannot find -lpthreads
collect2: error: ld returned 1 exit status
make[1]: *** [CMakeFiles/cmTC_5ef33.dir/build.make:87: cmTC_5ef33] Error 1
make[1]: Leaving directory '/home/nico929/Desktop/RCA_Project/Custom_Robot_Controller/CMake/CMakeFiles/CMakeTmp'
make: *** [Makefile:121: cmTC_5ef33/fast] Error 2



